# JRE version: OpenJDK Runtime Environment (8.0_141-b15) (build 1.8.0_141-BLFS-b15)
# Java VM: OpenJDK 64-Bit Server VM (25.141-b15 mixed mode linux-amd64 compressed oops)
Heap:
 PSYoungGen      total 15360K, used 3777K [0x00000000eab00000, 0x00000000ebb00000, 0x0000000100000000)
  eden space 14848K, 24% used [0x00000000eab00000,0x00000000eae887a8,0x00000000eb980000)
  from space 512K, 31% used [0x00000000eba00000,0x00000000eba28000,0x00000000eba80000)
  to   space 512K, 0% used [0x00000000eba80000,0x00000000eba80000,0x00000000ebb00000)
 ParOldGen       total 40960K, used 4424K [0x00000000c0000000, 0x00000000c2800000, 0x00000000eab00000)
  object space 40960K, 10% used [0x00000000c0000000,0x00000000c04522c0,0x00000000c2800000)
 Metaspace       used 17880K, capacity 18188K, committed 18560K, reserved 1064960K
  class space    used 2059K, capacity 2155K, committed 2176K, reserved 1048576K
GC Heap History (10 events):
Event: 14872,526 GC heap before
{Heap before GC invocations=59 (full 0):
 PSYoungGen      total 15360K, used 14912K [0x00000000eab00000, 0x00000000ebb00000, 0x0000000100000000)
  eden space 14848K, 100% used [0x00000000eab00000,0x00000000eb980000,0x00000000eb980000)
  from space 512K, 12% used [0x00000000eba80000,0x00000000eba90000,0x00000000ebb00000)
  to   space 512K, 0% used [0x00000000eba00000,0x00000000eba00000,0x00000000eba80000)
 ParOldGen       total 40960K, used 3955K [0x00000000c0000000, 0x00000000c2800000, 0x00000000eab00000)
  object space 40960K, 9% used [0x00000000c0000000,0x00000000c03dcc30,0x00000000c2800000)
 Metaspace       used 15687K, capacity 15974K, committed 16256K, reserved 1062912K
  class space    used 1760K, capacity 1852K, committed 1920K, reserved 1048576K
Event: 14872,529 GC heap after
Heap after GC invocations=59 (full 0):
 PSYoungGen      total 15360K, used 96K [0x00000000eab00000, 0x00000000ebb00000, 0x0000000100000000)
  eden space 14848K, 0% used [0x00000000eab00000,0x00000000eab00000,0x00000000eb980000)
  from space 512K, 18% used [0x00000000eba00000,0x00000000eba18000,0x00000000eba80000)
  to   space 512K, 0% used [0x00000000eba80000,0x00000000eba80000,0x00000000ebb00000)
 ParOldGen       total 40960K, used 3955K [0x00000000c0000000, 0x00000000c2800000, 0x00000000eab00000)
  object space 40960K, 9% used [0x00000000c0000000,0x00000000c03dcc30,0x00000000c2800000)
 Metaspace       used 15687K, capacity 15974K, committed 16256K, reserved 1062912K
  class space    used 1760K, capacity 1852K, committed 1920K, reserved 1048576K
}
Event: 14961,674 GC heap before
{Heap before GC invocations=60 (full 0):
 PSYoungGen      total 15360K, used 14932K [0x00000000eab00000, 0x00000000ebb00000, 0x0000000100000000)
  eden space 14848K, 99% used [0x00000000eab00000,0x00000000eb97d2f0,0x00000000eb980000)
  from space 512K, 18% used [0x00000000eba00000,0x00000000eba18000,0x00000000eba80000)
  to   space 512K, 0% used [0x00000000eba80000,0x00000000eba80000,0x00000000ebb00000)
 ParOldGen       total 40960K, used 3955K [0x00000000c0000000, 0x00000000c2800000, 0x00000000eab00000)
  object space 40960K, 9% used [0x00000000c0000000,0x00000000c03dcc30,0x00000000c2800000)
 Metaspace       used 15687K, capacity 15974K, committed 16256K, reserved 1062912K
  class space    used 1760K, capacity 1852K, committed 1920K, reserved 1048576K
Event: 14961,679 GC heap after
Heap after GC invocations=60 (full 0):
 PSYoungGen      total 15360K, used 96K [0x00000000eab00000, 0x00000000ebb00000, 0x0000000100000000)
  eden space 14848K, 0% used [0x00000000eab00000,0x00000000eab00000,0x00000000eb980000)
  from space 512K, 18% used [0x00000000eba80000,0x00000000eba98000,0x00000000ebb00000)
  to   space 512K, 0% used [0x00000000eba00000,0x00000000eba00000,0x00000000eba80000)
 ParOldGen       total 40960K, used 3979K [0x00000000c0000000, 0x00000000c2800000, 0x00000000eab00000)
  object space 40960K, 9% used [0x00000000c0000000,0x00000000c03e2c30,0x00000000c2800000)
 Metaspace       used 15687K, capacity 15974K, committed 16256K, reserved 1062912K
  class space    used 1760K, capacity 1852K, committed 1920K, reserved 1048576K
}
Event: 15046,836 GC heap before
{Heap before GC invocations=61 (full 0):
 PSYoungGen      total 15360K, used 14944K [0x00000000eab00000, 0x00000000ebb00000, 0x0000000100000000)
  eden space 14848K, 100% used [0x00000000eab00000,0x00000000eb980000,0x00000000eb980000)
  from space 512K, 18% used [0x00000000eba80000,0x00000000eba98000,0x00000000ebb00000)
  to   space 512K, 0% used [0x00000000eba00000,0x00000000eba00000,0x00000000eba80000)
 ParOldGen       total 40960K, used 3979K [0x00000000c0000000, 0x00000000c2800000, 0x00000000eab00000)
  object space 40960K, 9% used [0x00000000c0000000,0x00000000c03e2c30,0x00000000c2800000)
 Metaspace       used 16511K, capacity 16806K, committed 17152K, reserved 1064960K
  class space    used 1892K, capacity 1980K, committed 2048K, reserved 1048576K
Event: 15046,903 GC heap after
Heap after GC invocations=61 (full 0):
 PSYoungGen      total 15360K, used 256K [0x00000000eab00000, 0x00000000ebb00000, 0x0000000100000000)
  eden space 14848K, 0% used [0x00000000eab00000,0x00000000eab00000,0x00000000eb980000)
  from space 512K, 50% used [0x00000000eba00000,0x00000000eba40000,0x00000000eba80000)
  to   space 512K, 0% used [0x00000000eba80000,0x00000000eba80000,0x00000000ebb00000)
 ParOldGen       total 40960K, used 3979K [0x00000000c0000000, 0x00000000c2800000, 0x00000000eab00000)
  object space 40960K, 9% used [0x00000000c0000000,0x00000000c03e2c30,0x00000000c2800000)
 Metaspace       used 16511K, capacity 16806K, committed 17152K, reserved 1064960K
  class space    used 1892K, capacity 1980K, committed 2048K, reserved 1048576K
}
Event: 15053,579 GC heap before
{Heap before GC invocations=62 (full 0):
 PSYoungGen      total 15360K, used 15104K [0x00000000eab00000, 0x00000000ebb00000, 0x0000000100000000)
  eden space 14848K, 100% used [0x00000000eab00000,0x00000000eb980000,0x00000000eb980000)
  from space 512K, 50% used [0x00000000eba00000,0x00000000eba40000,0x00000000eba80000)
  to   space 512K, 0% used [0x00000000eba80000,0x00000000eba80000,0x00000000ebb00000)
 ParOldGen       total 40960K, used 3979K [0x00000000c0000000, 0x00000000c2800000, 0x00000000eab00000)
  object space 40960K, 9% used [0x00000000c0000000,0x00000000c03e2c30,0x00000000c2800000)
 Metaspace       used 17817K, capacity 18124K, committed 18304K, reserved 1064960K
  class space    used 2058K, capacity 2155K, committed 2176K, reserved 1048576K
Event: 15053,673 GC heap after
Heap after GC invocations=62 (full 0):
 PSYoungGen      total 15360K, used 497K [0x00000000eab00000, 0x00000000ebb00000, 0x0000000100000000)
  eden space 14848K, 0% used [0x00000000eab00000,0x00000000eab00000,0x00000000eb980000)
  from space 512K, 97% used [0x00000000eba80000,0x00000000ebafc480,0x00000000ebb00000)
  to   space 512K, 0% used [0x00000000eba00000,0x00000000eba00000,0x00000000eba80000)
 ParOldGen       total 40960K, used 4143K [0x00000000c0000000, 0x00000000c2800000, 0x00000000eab00000)
  object space 40960K, 10% used [0x00000000c0000000,0x00000000c040be40,0x00000000c2800000)
 Metaspace       used 17817K, capacity 18124K, committed 18304K, reserved 1064960K
  class space    used 2058K, capacity 2155K, committed 2176K, reserved 1048576K
}
Event: 15137,825 GC heap before
{Heap before GC invocations=63 (full 0):
 PSYoungGen      total 15360K, used 15345K [0x00000000eab00000, 0x00000000ebb00000, 0x0000000100000000)
  eden space 14848K, 100% used [0x00000000eab00000,0x00000000eb980000,0x00000000eb980000)
  from space 512K, 97% used [0x00000000eba80000,0x00000000ebafc480,0x00000000ebb00000)
  to   space 512K, 0% used [0x00000000eba00000,0x00000000eba00000,0x00000000eba80000)
 ParOldGen       total 40960K, used 4143K [0x00000000c0000000, 0x00000000c2800000, 0x00000000eab00000)
  object space 40960K, 10% used [0x00000000c0000000,0x00000000c040be40,0x00000000c2800000)
 Metaspace       used 17880K, capacity 18188K, committed 18560K, reserved 1064960K
  class space    used 2059K, capacity 2155K, committed 2176K, reserved 1048576K
Event: 15137,832 GC heap after
Heap after GC invocations=63 (full 0):
 PSYoungGen      total 15360K, used 160K [0x00000000eab00000, 0x00000000ebb00000, 0x0000000100000000)
  eden space 14848K, 0% used [0x00000000eab00000,0x00000000eab00000,0x00000000eb980000)
  from space 512K, 31% used [0x00000000eba00000,0x00000000eba28000,0x00000000eba80000)
  to   space 512K, 0% used [0x00000000eba80000,0x00000000eba80000,0x00000000ebb00000)
 ParOldGen       total 40960K, used 4424K [0x00000000c0000000, 0x00000000c2800000, 0x00000000eab00000)
  object space 40960K, 10% used [0x00000000c0000000,0x00000000c04522c0,0x00000000c2800000)
 Metaspace       used 17880K, capacity 18188K, committed 18560K, reserved 1064960K
  class space    used 2059K, capacity 2155K, committed 2176K, reserved 1048576K
}

