# JRE version: OpenJDK Runtime Environment (8.0_141-b15) (build 1.8.0_141-BLFS-b15)
# Java VM: OpenJDK 64-Bit Server VM (25.141-b15 mixed mode linux-amd64 compressed oops)
Heap:
 PSYoungGen      total 18944K, used 5693K [0x00000000eab00000, 0x00000000ebe80000, 0x0000000100000000)
  eden space 18432K, 30% used [0x00000000eab00000,0x00000000eb07f708,0x00000000ebd00000)
  from space 512K, 12% used [0x00000000ebe00000,0x00000000ebe10000,0x00000000ebe80000)
  to   space 512K, 0% used [0x00000000ebd80000,0x00000000ebd80000,0x00000000ebe00000)
 ParOldGen       total 26624K, used 20029K [0x00000000c0000000, 0x00000000c1a00000, 0x00000000eab00000)
  object space 26624K, 75% used [0x00000000c0000000,0x00000000c138f5e8,0x00000000c1a00000)
 Metaspace       used 20989K, capacity 21338K, committed 21504K, reserved 1069056K
  class space    used 2164K, capacity 2264K, committed 2304K, reserved 1048576K
GC Heap History (10 events):
Event: 18226,830 GC heap before
{Heap before GC invocations=1345 (full 3):
 PSYoungGen      total 18944K, used 18605K [0x00000000eab00000, 0x00000000ebe80000, 0x0000000100000000)
  eden space 18432K, 100% used [0x00000000eab00000,0x00000000ebd00000,0x00000000ebd00000)
  from space 512K, 33% used [0x00000000ebd80000,0x00000000ebdab4a8,0x00000000ebe00000)
  to   space 512K, 0% used [0x00000000ebe00000,0x00000000ebe00000,0x00000000ebe80000)
 ParOldGen       total 26624K, used 20029K [0x00000000c0000000, 0x00000000c1a00000, 0x00000000eab00000)
  object space 26624K, 75% used [0x00000000c0000000,0x00000000c138f5e8,0x00000000c1a00000)
 Metaspace       used 20987K, capacity 21338K, committed 21504K, reserved 1069056K
  class space    used 2163K, capacity 2264K, committed 2304K, reserved 1048576K
Event: 18226,832 GC heap after
Heap after GC invocations=1345 (full 3):
 PSYoungGen      total 18944K, used 150K [0x00000000eab00000, 0x00000000ebe80000, 0x0000000100000000)
  eden space 18432K, 0% used [0x00000000eab00000,0x00000000eab00000,0x00000000ebd00000)
  from space 512K, 29% used [0x00000000ebe00000,0x00000000ebe25910,0x00000000ebe80000)
  to   space 512K, 0% used [0x00000000ebd80000,0x00000000ebd80000,0x00000000ebe00000)
 ParOldGen       total 26624K, used 20029K [0x00000000c0000000, 0x00000000c1a00000, 0x00000000eab00000)
  object space 26624K, 75% used [0x00000000c0000000,0x00000000c138f5e8,0x00000000c1a00000)
 Metaspace       used 20987K, capacity 21338K, committed 21504K, reserved 1069056K
  class space    used 2163K, capacity 2264K, committed 2304K, reserved 1048576K
}
Event: 18242,834 GC heap before
{Heap before GC invocations=1346 (full 3):
 PSYoungGen      total 18944K, used 18582K [0x00000000eab00000, 0x00000000ebe80000, 0x0000000100000000)
  eden space 18432K, 100% used [0x00000000eab00000,0x00000000ebd00000,0x00000000ebd00000)
  from space 512K, 29% used [0x00000000ebe00000,0x00000000ebe25910,0x00000000ebe80000)
  to   space 512K, 0% used [0x00000000ebd80000,0x00000000ebd80000,0x00000000ebe00000)
 ParOldGen       total 26624K, used 20029K [0x00000000c0000000, 0x00000000c1a00000, 0x00000000eab00000)
  object space 26624K, 75% used [0x00000000c0000000,0x00000000c138f5e8,0x00000000c1a00000)
 Metaspace       used 20987K, capacity 21338K, committed 21504K, reserved 1069056K
  class space    used 2163K, capacity 2264K, committed 2304K, reserved 1048576K
Event: 18242,837 GC heap after
Heap after GC invocations=1346 (full 3):
 PSYoungGen      total 18944K, used 124K [0x00000000eab00000, 0x00000000ebe80000, 0x0000000100000000)
  eden space 18432K, 0% used [0x00000000eab00000,0x00000000eab00000,0x00000000ebd00000)
  from space 512K, 24% used [0x00000000ebd80000,0x00000000ebd9f0f8,0x00000000ebe00000)
  to   space 512K, 0% used [0x00000000ebe00000,0x00000000ebe00000,0x00000000ebe80000)
 ParOldGen       total 26624K, used 20029K [0x00000000c0000000, 0x00000000c1a00000, 0x00000000eab00000)
  object space 26624K, 75% used [0x00000000c0000000,0x00000000c138f5e8,0x00000000c1a00000)
 Metaspace       used 20987K, capacity 21338K, committed 21504K, reserved 1069056K
  class space    used 2163K, capacity 2264K, committed 2304K, reserved 1048576K
}
Event: 18257,839 GC heap before
{Heap before GC invocations=1347 (full 3):
 PSYoungGen      total 18944K, used 18515K [0x00000000eab00000, 0x00000000ebe80000, 0x0000000100000000)
  eden space 18432K, 99% used [0x00000000eab00000,0x00000000ebcf5f00,0x00000000ebd00000)
  from space 512K, 24% used [0x00000000ebd80000,0x00000000ebd9f0f8,0x00000000ebe00000)
  to   space 512K, 0% used [0x00000000ebe00000,0x00000000ebe00000,0x00000000ebe80000)
 ParOldGen       total 26624K, used 20029K [0x00000000c0000000, 0x00000000c1a00000, 0x00000000eab00000)
  object space 26624K, 75% used [0x00000000c0000000,0x00000000c138f5e8,0x00000000c1a00000)
 Metaspace       used 20987K, capacity 21338K, committed 21504K, reserved 1069056K
  class space    used 2163K, capacity 2264K, committed 2304K, reserved 1048576K
Event: 18257,844 GC heap after
Heap after GC invocations=1347 (full 3):
 PSYoungGen      total 18944K, used 152K [0x00000000eab00000, 0x00000000ebe80000, 0x0000000100000000)
  eden space 18432K, 0% used [0x00000000eab00000,0x00000000eab00000,0x00000000ebd00000)
  from space 512K, 29% used [0x00000000ebe00000,0x00000000ebe26170,0x00000000ebe80000)
  to   space 512K, 0% used [0x00000000ebd80000,0x00000000ebd80000,0x00000000ebe00000)
 ParOldGen       total 26624K, used 20029K [0x00000000c0000000, 0x00000000c1a00000, 0x00000000eab00000)
  object space 26624K, 75% used [0x00000000c0000000,0x00000000c138f5e8,0x00000000c1a00000)
 Metaspace       used 20987K, capacity 21338K, committed 21504K, reserved 1069056K
  class space    used 2163K, capacity 2264K, committed 2304K, reserved 1048576K
}
Event: 18273,844 GC heap before
{Heap before GC invocations=1348 (full 3):
 PSYoungGen      total 18944K, used 18584K [0x00000000eab00000, 0x00000000ebe80000, 0x0000000100000000)
  eden space 18432K, 100% used [0x00000000eab00000,0x00000000ebd00000,0x00000000ebd00000)
  from space 512K, 29% used [0x00000000ebe00000,0x00000000ebe26170,0x00000000ebe80000)
  to   space 512K, 0% used [0x00000000ebd80000,0x00000000ebd80000,0x00000000ebe00000)
 ParOldGen       total 26624K, used 20029K [0x00000000c0000000, 0x00000000c1a00000, 0x00000000eab00000)
  object space 26624K, 75% used [0x00000000c0000000,0x00000000c138f5e8,0x00000000c1a00000)
 Metaspace       used 20987K, capacity 21338K, committed 21504K, reserved 1069056K
  class space    used 2163K, capacity 2264K, committed 2304K, reserved 1048576K
Event: 18273,848 GC heap after
Heap after GC invocations=1348 (full 3):
 PSYoungGen      total 18944K, used 150K [0x00000000eab00000, 0x00000000ebe80000, 0x0000000100000000)
  eden space 18432K, 0% used [0x00000000eab00000,0x00000000eab00000,0x00000000ebd00000)
  from space 512K, 29% used [0x00000000ebd80000,0x00000000ebda5910,0x00000000ebe00000)
  to   space 512K, 0% used [0x00000000ebe00000,0x00000000ebe00000,0x00000000ebe80000)
 ParOldGen       total 26624K, used 20029K [0x00000000c0000000, 0x00000000c1a00000, 0x00000000eab00000)
  object space 26624K, 75% used [0x00000000c0000000,0x00000000c138f5e8,0x00000000c1a00000)
 Metaspace       used 20987K, capacity 21338K, committed 21504K, reserved 1069056K
  class space    used 2163K, capacity 2264K, committed 2304K, reserved 1048576K
}
Event: 18289,848 GC heap before
{Heap before GC invocations=1349 (full 3):
 PSYoungGen      total 18944K, used 18582K [0x00000000eab00000, 0x00000000ebe80000, 0x0000000100000000)
  eden space 18432K, 100% used [0x00000000eab00000,0x00000000ebd00000,0x00000000ebd00000)
  from space 512K, 29% used [0x00000000ebd80000,0x00000000ebda5910,0x00000000ebe00000)
  to   space 512K, 0% used [0x00000000ebe00000,0x00000000ebe00000,0x00000000ebe80000)
 ParOldGen       total 26624K, used 20029K [0x00000000c0000000, 0x00000000c1a00000, 0x00000000eab00000)
  object space 26624K, 75% used [0x00000000c0000000,0x00000000c138f5e8,0x00000000c1a00000)
 Metaspace       used 20987K, capacity 21338K, committed 21504K, reserved 1069056K
  class space    used 2163K, capacity 2264K, committed 2304K, reserved 1048576K
Event: 18289,851 GC heap after
Heap after GC invocations=1349 (full 3):
 PSYoungGen      total 18944K, used 64K [0x00000000eab00000, 0x00000000ebe80000, 0x0000000100000000)
  eden space 18432K, 0% used [0x00000000eab00000,0x00000000eab00000,0x00000000ebd00000)
  from space 512K, 12% used [0x00000000ebe00000,0x00000000ebe10000,0x00000000ebe80000)
  to   space 512K, 0% used [0x00000000ebd80000,0x00000000ebd80000,0x00000000ebe00000)
 ParOldGen       total 26624K, used 20029K [0x00000000c0000000, 0x00000000c1a00000, 0x00000000eab00000)
  object space 26624K, 75% used [0x00000000c0000000,0x00000000c138f5e8,0x00000000c1a00000)
 Metaspace       used 20987K, capacity 21338K, committed 21504K, reserved 1069056K
  class space    used 2163K, capacity 2264K, committed 2304K, reserved 1048576K
}

